Hdj008K_Location/proguard-project.txt
# To enable ProGuard in your project, edit project.properties
# to define the proguard.config property as described in that file.
#
# Add project specific ProGuard rules here.
# By default, the flags in this file are appended to flags specified
# in ${sdk.dir}/tools/proguard/proguard-android.txt
# You can edit the include path and order by changing the ProGuard
# include property in project.properties.
#
# For more details, see
#   http://developer.android.com/guide/developing/tools/proguard.html

# Add any project specific keep options here:

# If your project uses WebView with JS, uncomment the following
# and specify the fully qualified class name to the JavaScript interface
# class:
#-keepclassmembers class fqcn.of.javascript.interface.for.webview {
#   public *;
#}

-ignorewarnings                     # 忽略警告，避免打包时某些警告出现  
-optimizationpasses 5               # 指定代码的压缩级别  
-dontusemixedcaseclassnames         # 是否使用大小写混合  
-dontskipnonpubliclibraryclasses    # 是否混淆第三方jar  
-dontpreverify                      # 混淆时是否做预校验  
-verbose                            # 混淆时是否记录日志  
-optimizations !code/simplification/arithmetic,!field/*,!class/merging/*        # 混淆时所采用的算法

#-libraryjars libs/android-support-v4.jar
#-libraryjars libs/BmobSDK_V3.4.5_1111.jar
#-libraryjars libs/pinyin4j-1.1.0.jar
-libraryjars D:\Environment\XposedBridgeApi-20150213.jar

-keep interface android.support.v4.app.** { *; }

-keep public class * extends android.app.Activity
-keep public class * extends android.app.Application
-keep public class * extends android.app.Service
-keep public class * extends android.content.BroadcastReceiver
-keep public class * extends android.content.ContentProvider
-keep public class * extends android.app.backup.BackupAgentHelper
-keep public class * extends android.database.sqlite.SQLiteOpenHelper
-keep public class * extends android.support.v4.widget
-keep public class * extends android.preference.Preference
-keep public class com.android.vending.licensing.ILicensingService

-keepclasseswithmembernames class * {
native <methods>;
}
-keepclasseswithmembers class * {
public <init>(android.content.Context, android.util.AttributeSet);
}
-keepclasseswithmembers class * {
public <init>(android.content.Context, android.util.AttributeSet, int);
}
-keepclassmembers class * extends android.app.Activity {
public void *(android.view.View);
}
-keepclassmembers enum * {
public static **[] values();
public static ** valueOf(java.lang.String);
}
-keep class * implements android.os.Parcelable {
public static final android.os.Parcelable$Creator *;
}
-keepclassmembers class **.R$* {
    public static <fields>;
}

-keepattributes Signature
-keep class cn.bmob.v3.** {*;}
# 保证继承自BmobObject、BmobUser类的JavaBean不被混淆
-keep class com.example.bmobexample.bean.BankCard{*;}
-keep class com.example.bmobexample.bean.GameScore{*;}
-keep class com.example.bmobexample.bean.MyUser{*;}
-keep class com.example.bmobexample.bean.Person{*;}
-keep class com.example.bmobexample.file.Movie{*;}
-keep class com.example.bmobexample.file.Song{*;}
-keep class com.example.bmobexample.relation.Post{*;}
-keep class com.example.bmobexample.relation.Comment{*;}

-dontwarn net.sourceforge.pinyin4j.**
#-dontwarn demo.**
-keep class net.sourceforge.pinyin4j.** { *;}
#-keep class demo.** { *;}

-dontwarn de.robv.android.xposed.**
-keep class de.robv.android.xposed.** {*;}
-keep class com.example.hdj008k_location.MainHook
-keep public class * extends de.robv.android.xposed.XC_MethodHook
-keep class * implements de.robv.android.xposed.IXposedHookLoadPackage {
private XSharedPreferences pre;
}

-keep class com.example.hdj008k_location.util.** { *;}
-keep class com.example.hdj008k_location.obj.** { *;}

#########################