Hdj008K_Location/proguard/seeds.txt
com.example.hdj008k_location.BrowserAppActivity
com.example.hdj008k_location.BrowserAppActivity: BrowserAppActivity()
com.example.hdj008k_location.DelFolderActivity
com.example.hdj008k_location.DelFolderActivity: DelFolderActivity()
com.example.hdj008k_location.DelFolderActivity: void onClick(android.view.View)
com.example.hdj008k_location.HideAppActivity
com.example.hdj008k_location.HideAppActivity: HideAppActivity()
com.example.hdj008k_location.LiuCunActivity
com.example.hdj008k_location.LiuCunActivity: LiuCunActivity()
com.example.hdj008k_location.MainActivity
com.example.hdj008k_location.MainActivity: MainActivity()
com.example.hdj008k_location.MainHook
com.example.hdj008k_location.R$attr: int internalLayout
com.example.hdj008k_location.R$attr: int internalMaxHeight
com.example.hdj008k_location.R$attr: int internalMaxWidth
com.example.hdj008k_location.R$attr: int internalMinHeight
com.example.hdj008k_location.R$attr: int internalMinWidth
com.example.hdj008k_location.R$attr: int numberPickerStyle
com.example.hdj008k_location.R$attr: int selectionDivider
com.example.hdj008k_location.R$attr: int selectionDividerHeight
com.example.hdj008k_location.R$attr: int selectionDividersDistance
com.example.hdj008k_location.R$attr: int solidColor
com.example.hdj008k_location.R$attr: int virtualButtonPressedDrawable
com.example.hdj008k_location.R$color: int dark
com.example.hdj008k_location.R$color: int green
com.example.hdj008k_location.R$color: int transparent
com.example.hdj008k_location.R$dimen: int activity_horizontal_margin
com.example.hdj008k_location.R$dimen: int activity_vertical_margin
com.example.hdj008k_location.R$drawable: int btn_verification_down
com.example.hdj008k_location.R$drawable: int btn_verification_up
com.example.hdj008k_location.R$drawable: int btn_vl
com.example.hdj008k_location.R$drawable: int checkbox_lock
com.example.hdj008k_location.R$drawable: int checkbox_off
com.example.hdj008k_location.R$drawable: int checkbox_on
com.example.hdj008k_location.R$drawable: int contact_way_edit
com.example.hdj008k_location.R$drawable: int ic_launcher
com.example.hdj008k_location.R$drawable: int item_background_holo_dark
com.example.hdj008k_location.R$drawable: int item_background_holo_light
com.example.hdj008k_location.R$drawable: int item_bg
com.example.hdj008k_location.R$drawable: int list_focused_holo
com.example.hdj008k_location.R$drawable: int list_longpressed_holo
com.example.hdj008k_location.R$drawable: int list_pressed_holo_dark
com.example.hdj008k_location.R$drawable: int list_pressed_holo_light
com.example.hdj008k_location.R$drawable: int list_selector_background_transition_holo_dark
com.example.hdj008k_location.R$drawable: int list_selector_background_transition_holo_light
com.example.hdj008k_location.R$drawable: int list_selector_disabled_holo_dark
com.example.hdj008k_location.R$drawable: int list_selector_disabled_holo_light
com.example.hdj008k_location.R$drawable: int np_numberpicker_selection_divider
com.example.hdj008k_location.R$drawable: int slpash
com.example.hdj008k_location.R$drawable: int top_bar
...
android.support.v4.app.ActionBarDrawerToggle$ActionBarDrawerToggleImpl
android.support.v4.app.ActionBarDrawerToggle$ActionBarDrawerToggleImpl: android.graphics.drawable.Drawable getThemeUpIndicator(android.app.Activity)
android.support.v4.app.ActionBarDrawerToggle$ActionBarDrawerToggleImpl: java.lang.Object setActionBarUpIndicator(java.lang.Object,android.app.Activity,android.graphics.drawable.Drawable,int)
android.support.v4.app.ActionBarDrawerToggle$ActionBarDrawerToggleImpl: java.lang.Object setActionBarDescription(java.lang.Object,android.app.Activity,int)
android.support.v4.app.ActionBarDrawerToggle$Delegate
android.support.v4.app.ActionBarDrawerToggle$Delegate: android.graphics.drawable.Drawable getThemeUpIndicator()
android.support.v4.app.ActionBarDrawerToggle$Delegate: void setActionBarUpIndicator(android.graphics.drawable.Drawable,int)
android.support.v4.app.ActionBarDrawerToggle$Delegate: void setActionBarDescription(int)
android.support.v4.app.ActionBarDrawerToggle$DelegateProvider
android.support.v4.app.ActionBarDrawerToggle$DelegateProvider: android.support.v4.app.ActionBarDrawerToggle$Delegate getDrawerToggleDelegate()
android.support.v4.app.BackStackState
android.support.v4.app.BackStackState: android.os.Parcelable$Creator CREATOR
android.support.v4.app.DialogFragment$DialogStyle
android.support.v4.app.Fragment$SavedState
android.support.v4.app.Fragment$SavedState: android.os.Parcelable$Creator CREATOR
android.support.v4.app.FragmentActivity
android.support.v4.app.FragmentContainer
android.support.v4.app.FragmentContainer: android.view.View findViewById(int)
android.support.v4.app.FragmentContainer: boolean hasView()
android.support.v4.app.FragmentManager$BackStackEntry
android.support.v4.app.FragmentManager$BackStackEntry: int getId()
android.support.v4.app.FragmentManager$BackStackEntry: java.lang.String getName()
android.support.v4.app.FragmentManager$BackStackEntry: int getBreadCrumbTitleRes()
android.support.v4.app.FragmentManager$BackStackEntry: int getBreadCrumbShortTitleRes()
android.support.v4.app.FragmentManager$BackStackEntry: java.lang.CharSequence getBreadCrumbTitle()
android.support.v4.app.FragmentManager$BackStackEntry: java.lang.CharSequence getBreadCrumbShortTitle()
android.support.v4.app.FragmentManager$OnBackStackChangedListener
android.support.v4.app.FragmentManager$OnBackStackChangedListener: void onBackStackChanged()
android.support.v4.app.FragmentManagerState
android.support.v4.app.FragmentManagerState: android.os.Parcelable$Creator CREATOR
android.support.v4.app.FragmentState
android.support.v4.app.FragmentState: android.os.Parcelable$Creator CREATOR
android.support.v4.app.FragmentTabHost
android.support.v4.app.FragmentTabHost: FragmentTabHost(android.content.Context,android.util.AttributeSet)
android.support.v4.app.FragmentTabHost: void setOnTabChangedListener(android.widget.TabHost$OnTabChangeListener)
android.support.v4.app.FragmentTabHost$SavedState
android.support.v4.app.FragmentTabHost$SavedState: android.os.Parcelable$Creator CREATOR
android.support.v4.app.FragmentTransaction$Transit
android.support.v4.app.FragmentTransitionCompat21$ViewRetriever
android.support.v4.app.FragmentTransitionCompat21$ViewRetriever: android.view.View getView()
android.support.v4.app.INotificationSideChannel
android.support.v4.app.INotificationSideChannel: void notify(java.lang.String,int,java.lang.String,android.app.Notification)
android.support.v4.app.INotificationSideChannel: void cancel(java.lang.String,int,java.lang.String)
android.support.v4.app.INotificationSideChannel: void cancelAll(java.lang.String)