Hdj008K_Location/proguard/mapping.txt
com.example.hdj008k_location.BrowserAppActivity -> com.example.hdj008k_location.BrowserAppActivity:
    android.widget.ListView listView -> a
    com.example.hdj008k_location.BrowserAppActivity$BrowserListAdapter adapter -> b
    java.util.List apps -> c
    java.util.List newApps -> d
    android.app.ProgressDialog progress -> e
    android.content.SharedPreferences preferences -> f
    java.lang.Runnable runnable -> g
    void <init>() -> <init>
    void onCreate(android.os.Bundle) -> onCreate
    void onDestroy() -> onDestroy
    void savechoose() -> a
    void sortList(java.lang.String[]) -> a
    void getBrowserApp(android.content.Context) -> a
    java.lang.String getProgramNameByPackageName(android.content.Context,java.lang.String) -> a
    java.lang.String[] sortIndex(java.util.List) -> a
    boolean onKeyDown(int,android.view.KeyEvent) -> onKeyDown
    java.util.List access$0(com.example.hdj008k_location.BrowserAppActivity) -> a
    void access$1(com.example.hdj008k_location.BrowserAppActivity,com.example.hdj008k_location.BrowserAppActivity$BrowserListAdapter) -> a
    android.widget.ListView access$2(com.example.hdj008k_location.BrowserAppActivity) -> b
    com.example.hdj008k_location.BrowserAppActivity$BrowserListAdapter access$3(com.example.hdj008k_location.BrowserAppActivity) -> c
    android.app.ProgressDialog access$4(com.example.hdj008k_location.BrowserAppActivity) -> d
    java.util.List access$5(com.example.hdj008k_location.BrowserAppActivity) -> e
com.example.hdj008k_location.BrowserAppActivity$1 -> com.example.hdj008k_location.a:
    com.example.hdj008k_location.BrowserAppActivity this$0 -> a
    void <init>(com.example.hdj008k_location.BrowserAppActivity) -> <init>
    void run() -> run
com.example.hdj008k_location.BrowserAppActivity$2 -> com.example.hdj008k_location.b:
    com.example.hdj008k_location.BrowserAppActivity this$0 -> a
    void <init>(com.example.hdj008k_location.BrowserAppActivity) -> <init>
    void run() -> run
com.example.hdj008k_location.BrowserAppActivity$BrowserListAdapter -> com.example.hdj008k_location.c:
    android.content.Context context -> b
    java.util.List list -> c
    com.example.hdj008k_location.BrowserAppActivity this$0 -> a
    void <init>(com.example.hdj008k_location.BrowserAppActivity,android.content.Context,java.util.List) -> <init>
    int getCount() -> getCount
    java.lang.Object getItem(int) -> getItem
    long getItemId(int) -> getItemId
    android.view.View getView(int,android.view.View,android.view.ViewGroup) -> getView
    boolean isEnabled(int) -> isEnabled
    com.example.hdj008k_location.BrowserAppActivity access$0(com.example.hdj008k_location.BrowserAppActivity$BrowserListAdapter) -> a
com.example.hdj008k_location.BrowserAppActivity$BrowserListAdapter$1 -> com.example.hdj008k_location.d:
    com.example.hdj008k_location.BrowserAppActivity$BrowserListAdapter this$1 -> a
    int val$paramInt -> b
    void <init>(com.example.hdj008k_location.BrowserAppActivity$BrowserListAdapter,int) -> <init>
    void onCheckedChanged(android.widget.CompoundButton,boolean) -> onCheckedChanged
...
android.support.v4.app.NotificationCompat$NotificationCompatImplJellybean -> android.support.v4.app.bh:
    void <init>() -> <init>
    android.app.Notification build(android.support.v4.app.NotificationCompat$Builder) -> build
    android.os.Bundle getExtras(android.app.Notification) -> getExtras
    int getActionCount(android.app.Notification) -> getActionCount
    android.support.v4.app.NotificationCompat$Action getAction(android.app.Notification,int) -> getAction
    android.support.v4.app.NotificationCompat$Action[] getActionsFromParcelableArrayList(java.util.ArrayList) -> getActionsFromParcelableArrayList
    java.util.ArrayList getParcelableArrayListForActions(android.support.v4.app.NotificationCompat$Action[]) -> getParcelableArrayListForActions
    boolean getLocalOnly(android.app.Notification) -> getLocalOnly
    java.lang.String getGroup(android.app.Notification) -> getGroup
    boolean isGroupSummary(android.app.Notification) -> isGroupSummary
    java.lang.String getSortKey(android.app.Notification) -> getSortKey
android.support.v4.app.NotificationCompat$NotificationCompatImplKitKat -> android.support.v4.app.bi:
    void <init>() -> <init>
    android.app.Notification build(android.support.v4.app.NotificationCompat$Builder) -> build
    android.os.Bundle getExtras(android.app.Notification) -> getExtras
    int getActionCount(android.app.Notification) -> getActionCount
    android.support.v4.app.NotificationCompat$Action getAction(android.app.Notification,int) -> getAction
    boolean getLocalOnly(android.app.Notification) -> getLocalOnly
    java.lang.String getGroup(android.app.Notification) -> getGroup
    boolean isGroupSummary(android.app.Notification) -> isGroupSummary
    java.lang.String getSortKey(android.app.Notification) -> getSortKey
android.support.v4.app.NotificationCompat$Style -> android.support.v4.app.bj:
    java.lang.CharSequence mBigContentTitle -> d
    java.lang.CharSequence mSummaryText -> e
    boolean mSummaryTextSet -> f
    void <init>() -> <init>
android.support.v4.app.NotificationCompatApi20 -> android.support.v4.app.bk:
    void addAction(android.app.Notification$Builder,android.support.v4.app.NotificationCompatBase$Action) -> a
    android.support.v4.app.NotificationCompatBase$Action getAction(android.app.Notification,int,android.support.v4.app.NotificationCompatBase$Action$Factory,android.support.v4.app.RemoteInputCompatBase$RemoteInput$Factory) -> a
    android.support.v4.app.NotificationCompatBase$Action getActionCompatFromAction(android.app.Notification$Action,android.support.v4.app.NotificationCompatBase$Action$Factory,android.support.v4.app.RemoteInputCompatBase$RemoteInput$Factory) -> a
    android.app.Notification$Action getActionFromActionCompat(android.support.v4.app.NotificationCompatBase$Action) -> a
    android.support.v4.app.NotificationCompatBase$Action[] getActionsFromParcelableArrayList(java.util.ArrayList,android.support.v4.app.NotificationCompatBase$Action$Factory,android.support.v4.app.RemoteInputCompatBase$RemoteInput$Factory) -> a
    java.util.ArrayList getParcelableArrayListForActions(android.support.v4.app.NotificationCompatBase$Action[]) -> a
    boolean getLocalOnly(android.app.Notification) -> a
    java.lang.String getGroup(android.app.Notification) -> b
    boolean isGroupSummary(android.app.Notification) -> c
    java.lang.String getSortKey(android.app.Notification) -> d