Hdj008K_Location/proguard/usage.txt
com.example.hdj008k_location.BrowserAppActivity:
    177:182:public boolean filterApp(android.content.pm.ApplicationInfo)
com.example.hdj008k_location.BuildConfig
com.example.hdj008k_location.DelFolderActivity:
    private int index
com.example.hdj008k_location.MainActivity:
    781:816:private boolean randomArray()
com.example.hdj008k_location.R
com.example.hdj008k_location.R$attr
com.example.hdj008k_location.R$color
com.example.hdj008k_location.R$dimen
com.example.hdj008k_location.R$drawable
com.example.hdj008k_location.R$id
com.example.hdj008k_location.R$layout
com.example.hdj008k_location.R$menu
com.example.hdj008k_location.R$string
com.example.hdj008k_location.R$style
com.example.hdj008k_location.R$styleable
com.example.hdj008k_location.SelectAppActivity$MyListAdapter:
    private com.example.hdj008k_location.SelectAppActivity$MyListAdapter$ViewHolder viewHolder
com.example.hdj008k_location.SilentSettingActivity:
    private android.widget.LinearLayout ll_open
com.example.hdj008k_location.SplashActivity:
    private android.content.SharedPreferences preferences
    private com.example.hdj008k_location.util.BmobHelper bmobTool
    78:94:private void init()
    99:128:private void showRegisterDialog()
    133:147:private void showdialog(java.lang.String)
    151:155:public boolean isNetworkAvailable(android.content.Context)
    160:162:private android.net.NetworkInfo getNetworkInfo(android.content.Context)
    32:32:static synthetic com.example.hdj008k_location.util.BmobHelper access$1(com.example.hdj008k_location.SplashActivity)
    31:31:static synthetic android.content.Context access$2(com.example.hdj008k_location.SplashActivity)
com.example.hdj008k_location.SplashActivity$2
com.example.hdj008k_location.SplashActivity$3
com.example.hdj008k_location.common.Common:
    43:43:public Common()
    54:72:public static java.lang.String getImei(android.content.Context)
    78:106:public static java.lang.String getUmengChannelId(android.content.Context)
    111:126:public static java.lang.String getIP(android.content.Context)
    131:144:public static int getIpAddress(android.content.Context)
    149:163:public static java.lang.String getTel(android.content.Context)
    168:181:public static java.lang.String getSim(android.content.Context)
    186:195:public static java.lang.String getAid(android.content.Context)
    200:215:public static java.lang.String getMac(android.content.Context)
    220:229:public static java.lang.String getDB(android.content.Context)
    234:244:public static java.lang.String getDN(android.content.Context)
    249:258:public static java.lang.String getOV(android.content.Context)
    262:266:public static float getSWDis(android.app.Activity)
    270:274:public static float getSHDis(android.app.Activity)
    280:299:public static int getSW(android.content.Context)
    304:323:public static int getSH(android.content.Context)
    328:371:public static java.lang.String getCid(android.content.Context)
    376:419:public static java.lang.String getCr(android.content.Context)
    480:492:public static java.lang.String getSSID(android.content.Context)
    497:509:public static int getRssi(android.content.Context)
com.example.hdj008k_location.db.DBOpenHelper:
    private static final java.lang.String DATABASENAME
    private static final int DATABASEVERSION
com.example.hdj008k_location.service.Deletethread
com.example.hdj008k_location.service.XpressThread
...
android.support.v4.accessibilityservice.AccessibilityServiceInfoCompat
android.support.v4.accessibilityservice.AccessibilityServiceInfoCompat$AccessibilityServiceInfoIcsImpl
android.support.v4.accessibilityservice.AccessibilityServiceInfoCompat$AccessibilityServiceInfoJellyBeanMr2
android.support.v4.accessibilityservice.AccessibilityServiceInfoCompat$AccessibilityServiceInfoStubImpl
android.support.v4.accessibilityservice.AccessibilityServiceInfoCompat$AccessibilityServiceInfoVersionImpl
android.support.v4.accessibilityservice.AccessibilityServiceInfoCompatIcs
android.support.v4.accessibilityservice.AccessibilityServiceInfoCompatJellyBeanMr2
android.support.v4.app.ActionBarDrawerToggle:
    private static final float TOGGLE_DRAWABLE_OFFSET
    private static final int ID_HOME
    private final android.support.v4.widget.DrawerLayout mDrawerLayout
    private boolean mHasCustomUpIndicator
    private android.graphics.drawable.Drawable mHomeAsUpIndicator
    private android.graphics.drawable.Drawable mDrawerImage
    private final int mDrawerImageResource
    229:231:public ActionBarDrawerToggle(android.app.Activity,android.support.v4.widget.DrawerLayout,int,int,int)
    234:234:private static boolean assumeMaterial(android.content.Context)
    195:280:public ActionBarDrawerToggle(android.app.Activity,android.support.v4.widget.DrawerLayout,boolean,int,int,int)
    292:302:public void syncState()
    316:327:public void setHomeAsUpIndicator(android.graphics.drawable.Drawable)
    341:347:public void setHomeAsUpIndicator(int)
    360:369:public void setDrawerIndicatorEnabled(boolean)
    376:376:public boolean isDrawerIndicatorEnabled()
    388:393:public void onConfigurationChanged(android.content.res.Configuration)
    405:413:public boolean onOptionsItemSelected(android.view.MenuItem)
    477:480:android.graphics.drawable.Drawable getThemeUpIndicator()
    484:490:void setActionBarUpIndicator(android.graphics.drawable.Drawable,int)
android.support.v4.app.ActionBarDrawerToggle$SlideDrawable:
    502:510:private ActionBarDrawerToggle$SlideDrawable(android.support.v4.app.ActionBarDrawerToggle,android.graphics.drawable.Drawable)
    534:536:public void setOffset(float)
    501:501:synthetic ActionBarDrawerToggle$SlideDrawable(android.support.v4.app.ActionBarDrawerToggle,android.graphics.drawable.Drawable,android.support.v4.app.ActionBarDrawerToggle$1)
android.support.v4.app.ActionBarDrawerToggleHoneycomb:
    private static final java.lang.String TAG
    41:99:ActionBarDrawerToggleHoneycomb()
android.support.v4.app.ActionBarDrawerToggleJellybeanMR2:
    private static final java.lang.String TAG
    28:28:ActionBarDrawerToggleJellybeanMR2()
android.support.v4.app.ActivityCompat:
    38:217:public ActivityCompat()
    72:76:public static boolean invalidateOptionsMenu(android.app.Activity)
    97:102:public static void startActivity(android.app.Activity,android.content.Intent,android.os.Bundle)
    126:131:public static void startActivityForResult(android.app.Activity,android.content.Intent,int,android.os.Bundle)
    141:146:public static void finishAffinity(android.app.Activity)
    175:178:public static void setEnterSharedElementCallback(android.app.Activity,android.support.v4.app.SharedElementCallback)
    191:194:public static void setExitSharedElementCallback(android.app.Activity,android.support.v4.app.SharedElementCallback)
    197:200:public static void postponeEnterTransition(android.app.Activity)
    203:206:public static void startPostponedEnterTransition(android.app.Activity)
    210:214:private static android.support.v4.app.ActivityCompat21$SharedElementCallback21 createCallback(android.support.v4.app.SharedElementCallback)
android.support.v4.app.ActivityCompat$SharedElementCallback21Impl